2024-10-27 13:15:33 [INFO]: Server running on port 5000
2024-10-27 13:15:34 [INFO]: MongoDB Connected
2024-10-27 13:24:01 [INFO]: Server running on port 5000
2024-10-27 13:24:02 [INFO]: MongoDB Connected
2024-10-27 13:44:23 [INFO]: Server running on port 5000
2024-10-27 13:44:24 [INFO]: MongoDB Connected
2024-10-27 13:50:21 [INFO]: Server running on port 5000
2024-10-27 13:50:22 [INFO]: MongoDB Connected
2024-10-27 13:50:42 [INFO]: authenticateToken invoked
2024-10-27 13:50:42 [INFO]: Authenticated User: UserID=671c027e7e2813b246574450, Role=doctor
2024-10-27 13:50:42 [INFO]: getPatients Controller Invoked
2024-10-27 13:50:42 [INFO]: Fetched 4 patients
2024-10-27 13:52:10 [INFO]: authenticateToken invoked
2024-10-27 13:52:10 [INFO]: Authenticated User: UserID=671c027e7e2813b246574450, Role=doctor
2024-10-27 13:52:10 [INFO]: assignPatient Controller Invoked
2024-10-27 13:52:10 [INFO]: authenticateToken invoked
2024-10-27 13:52:10 [INFO]: Authenticated User: UserID=671c027e7e2813b246574450, Role=doctor
2024-10-27 13:52:10 [INFO]: assignPatient Controller Invoked
2024-10-27 13:52:10 [INFO]: authenticateToken invoked
2024-10-27 13:52:10 [INFO]: Authenticated User: UserID=671c027e7e2813b246574450, Role=doctor
2024-10-27 13:52:10 [INFO]: assignPatient Controller Invoked
2024-10-27 13:52:10 [INFO]: authenticateToken invoked
2024-10-27 13:52:10 [INFO]: Authenticated User: UserID=671c027e7e2813b246574450, Role=doctor
2024-10-27 13:52:10 [INFO]: assignPatient Controller Invoked
2024-10-27 13:52:10 [INFO]: Assigned Patient: PatientID=671e6b214b76d5043b876c2a to DoctorID=671c027e7e2813b246574450
2024-10-27 13:52:10 [INFO]: Assigned Patient: PatientID=671e50493a6e169710aca5c9 to DoctorID=671c027e7e2813b246574450
2024-10-27 13:52:10 [INFO]: Updated Doctor's Patient List: DoctorID=671c027e7e2813b246574450, PatientID=671e6b214b76d5043b876c2a
2024-10-27 13:52:10 [INFO]: Updated Doctor's Patient List: DoctorID=671c027e7e2813b246574450, PatientID=671e50493a6e169710aca5c9
2024-10-27 13:52:10 [INFO]: Assigned Patient: PatientID=671e3dfb4c380c74273fbb2e to DoctorID=671c027e7e2813b246574450
2024-10-27 13:52:10 [INFO]: Assigned Patient: PatientID=671c04d1c5594680ce895bf2 to DoctorID=671c027e7e2813b246574450
2024-10-27 13:52:10 [INFO]: Updated Doctor's Patient List: DoctorID=671c027e7e2813b246574450, PatientID=671e3dfb4c380c74273fbb2e
2024-10-27 13:52:10 [INFO]: Updated Doctor's Patient List: DoctorID=671c027e7e2813b246574450, PatientID=671c04d1c5594680ce895bf2
2024-10-27 13:52:10 [INFO]: authenticateToken invoked
2024-10-27 13:52:10 [INFO]: Authenticated User: UserID=671c027e7e2813b246574450, Role=doctor
2024-10-27 13:52:10 [INFO]: getPatients Controller Invoked
2024-10-27 13:52:10 [INFO]: Fetched 0 patients
2024-10-27 13:52:18 [INFO]: authenticateToken invoked
2024-10-27 13:52:18 [INFO]: Authenticated User: UserID=671c027e7e2813b246574450, Role=doctor
2024-10-27 13:52:18 [INFO]: getPatients Controller Invoked
2024-10-27 13:52:18 [INFO]: Fetched 0 patients
