2024-10-28 23:49:36 [ERROR]: Error extracting content from file: require is not defined
2024-10-28 23:54:14 [ERROR]: Error extracting content from file: require is not defined
2024-10-29 00:02:33 [ERROR]: Error uploading documents: Cannot read properties of undefined (reading '0')
2024-10-29 00:03:39 [ERROR]: Error uploading documents: Cannot read properties of undefined (reading '0')
2024-10-29 00:05:44 [ERROR]: Error uploading documents: Cannot read properties of undefined (reading '0')
2024-10-29 00:07:25 [ERROR]: Error uploading documents: Cannot read properties of undefined (reading '0')
2024-10-29 00:14:41 [ERROR]: unhandledRejection: ENOENT: no such file or directory, open 'C:\Users\danie\OneDrive\Desktop\MONGODB_AI_HACKATHON\backend\test\data\05-versions-space.pdf'
Error: ENOENT: no such file or directory, open 'C:\Users\danie\OneDrive\Desktop\MONGODB_AI_HACKATHON\backend\test\data\05-versions-space.pdf'
    at Object.openSync (node:fs:581:18)
    at Object.readFileSync (node:fs:457:35)
    at Object.<anonymous> (C:\Users\danie\OneDrive\Desktop\MONGODB_AI_HACKATHON\backend\node_modules\pdf-parse\index.js:15:25)
    at Module._compile (node:internal/modules/cjs/loader:1376:14)
    at Module._extensions..js (node:internal/modules/cjs/loader:1435:10)
    at Module.load (node:internal/modules/cjs/loader:1207:32)
    at Module._load (node:internal/modules/cjs/loader:1023:12)
    at cjsLoader (node:internal/modules/esm/translators:356:17)
    at ModuleWrap.<anonymous> (node:internal/modules/esm/translators:305:7)
    at ModuleJob.run (node:internal/modules/esm/module_job:218:25)
2024-10-29 00:16:51 [ERROR]: unhandledRejection: ENOENT: no such file or directory, open 'C:\Users\danie\OneDrive\Desktop\MONGODB_AI_HACKATHON\backend\test\data\05-versions-space.pdf'
Error: ENOENT: no such file or directory, open 'C:\Users\danie\OneDrive\Desktop\MONGODB_AI_HACKATHON\backend\test\data\05-versions-space.pdf'
    at Object.openSync (node:fs:581:18)
    at Object.readFileSync (node:fs:457:35)
    at Object.<anonymous> (C:\Users\danie\OneDrive\Desktop\MONGODB_AI_HACKATHON\backend\node_modules\pdf-parse\index.js:15:25)
    at Module._compile (node:internal/modules/cjs/loader:1376:14)
    at Module._extensions..js (node:internal/modules/cjs/loader:1435:10)
    at Module.load (node:internal/modules/cjs/loader:1207:32)
    at Module._load (node:internal/modules/cjs/loader:1023:12)
    at cjsLoader (node:internal/modules/esm/translators:356:17)
    at ModuleWrap.<anonymous> (node:internal/modules/esm/translators:305:7)
    at ModuleJob.run (node:internal/modules/esm/module_job:218:25)
2024-10-29 00:18:52 [ERROR]: Error uploading documents: Cannot read properties of undefined (reading '0')
2024-10-29 00:44:14 [ERROR]: unhandledRejection: ENOENT: no such file or directory, open 'C:\Users\danie\OneDrive\Desktop\MONGODB_AI_HACKATHON\backend\test\data\05-versions-space.pdf'
Error: ENOENT: no such file or directory, open 'C:\Users\danie\OneDrive\Desktop\MONGODB_AI_HACKATHON\backend\test\data\05-versions-space.pdf'
    at Object.openSync (node:fs:581:18)
    at Object.readFileSync (node:fs:457:35)
    at Object.<anonymous> (C:\Users\danie\OneDrive\Desktop\MONGODB_AI_HACKATHON\backend\node_modules\pdf-parse\index.js:15:25)
    at Module._compile (node:internal/modules/cjs/loader:1376:14)
    at Module._extensions..js (node:internal/modules/cjs/loader:1435:10)
    at Module.load (node:internal/modules/cjs/loader:1207:32)
    at Module._load (node:internal/modules/cjs/loader:1023:12)
    at cjsLoader (node:internal/modules/esm/translators:356:17)
    at ModuleWrap.<anonymous> (node:internal/modules/esm/translators:305:7)
    at ModuleJob.run (node:internal/modules/esm/module_job:218:25)
2024-10-29 00:44:21 [ERROR]: unhandledRejection: ENOENT: no such file or directory, open 'C:\Users\danie\OneDrive\Desktop\MONGODB_AI_HACKATHON\backend\test\data\05-versions-space.pdf'
Error: ENOENT: no such file or directory, open 'C:\Users\danie\OneDrive\Desktop\MONGODB_AI_HACKATHON\backend\test\data\05-versions-space.pdf'
    at Object.openSync (node:fs:581:18)
    at Object.readFileSync (node:fs:457:35)
    at Object.<anonymous> (C:\Users\danie\OneDrive\Desktop\MONGODB_AI_HACKATHON\backend\node_modules\pdf-parse\index.js:15:25)
    at Module._compile (node:internal/modules/cjs/loader:1376:14)
    at Module._extensions..js (node:internal/modules/cjs/loader:1435:10)
    at Module.load (node:internal/modules/cjs/loader:1207:32)
    at Module._load (node:internal/modules/cjs/loader:1023:12)
    at cjsLoader (node:internal/modules/esm/translators:356:17)
    at ModuleWrap.<anonymous> (node:internal/modules/esm/translators:305:7)
    at ModuleJob.run (node:internal/modules/esm/module_job:218:25)
2024-10-29 00:46:59 [ERROR]: unhandledRejection: ENOENT: no such file or directory, open 'C:\Users\danie\OneDrive\Desktop\MONGODB_AI_HACKATHON\backend\test\data\05-versions-space.pdf'
Error: ENOENT: no such file or directory, open 'C:\Users\danie\OneDrive\Desktop\MONGODB_AI_HACKATHON\backend\test\data\05-versions-space.pdf'
    at Object.openSync (node:fs:581:18)
    at Object.readFileSync (node:fs:457:35)
    at Object.<anonymous> (C:\Users\danie\OneDrive\Desktop\MONGODB_AI_HACKATHON\backend\node_modules\pdf-parse\index.js:15:25)
    at Module._compile (node:internal/modules/cjs/loader:1376:14)
    at Module._extensions..js (node:internal/modules/cjs/loader:1435:10)
    at Module.load (node:internal/modules/cjs/loader:1207:32)
    at Module._load (node:internal/modules/cjs/loader:1023:12)
    at cjsLoader (node:internal/modules/esm/translators:356:17)
    at ModuleWrap.<anonymous> (node:internal/modules/esm/translators:305:7)
    at ModuleJob.run (node:internal/modules/esm/module_job:218:25)
2024-10-29 00:47:44 [ERROR]: unhandledRejection: ENOENT: no such file or directory, open 'C:\Users\danie\OneDrive\Desktop\MONGODB_AI_HACKATHON\backend\test\data\05-versions-space.pdf'
Error: ENOENT: no such file or directory, open 'C:\Users\danie\OneDrive\Desktop\MONGODB_AI_HACKATHON\backend\test\data\05-versions-space.pdf'
    at Object.openSync (node:fs:581:18)
    at Object.readFileSync (node:fs:457:35)
    at Object.<anonymous> (C:\Users\danie\OneDrive\Desktop\MONGODB_AI_HACKATHON\backend\node_modules\pdf-parse\index.js:15:25)
    at Module._compile (node:internal/modules/cjs/loader:1376:14)
    at Module._extensions..js (node:internal/modules/cjs/loader:1435:10)
    at Module.load (node:internal/modules/cjs/loader:1207:32)
    at Module._load (node:internal/modules/cjs/loader:1023:12)
    at cjsLoader (node:internal/modules/esm/translators:356:17)
    at ModuleWrap.<anonymous> (node:internal/modules/esm/translators:305:7)
    at ModuleJob.run (node:internal/modules/esm/module_job:218:25)
2024-10-29 00:48:26 [ERROR]: unhandledRejection: ENOENT: no such file or directory, open 'C:\Users\danie\OneDrive\Desktop\MONGODB_AI_HACKATHON\backend\test\data\05-versions-space.pdf'
Error: ENOENT: no such file or directory, open 'C:\Users\danie\OneDrive\Desktop\MONGODB_AI_HACKATHON\backend\test\data\05-versions-space.pdf'
    at Object.openSync (node:fs:581:18)
    at Object.readFileSync (node:fs:457:35)
    at Object.<anonymous> (C:\Users\danie\OneDrive\Desktop\MONGODB_AI_HACKATHON\backend\node_modules\pdf-parse\index.js:15:25)
    at Module._compile (node:internal/modules/cjs/loader:1376:14)
    at Module._extensions..js (node:internal/modules/cjs/loader:1435:10)
    at Module.load (node:internal/modules/cjs/loader:1207:32)
    at Module._load (node:internal/modules/cjs/loader:1023:12)
    at cjsLoader (node:internal/modules/esm/translators:356:17)
    at ModuleWrap.<anonymous> (node:internal/modules/esm/translators:305:7)
    at ModuleJob.run (node:internal/modules/esm/module_job:218:25)
2024-10-29 00:49:41 [ERROR]: Error uploading documents: Cannot read properties of undefined (reading '0')
2024-10-29 09:40:33 [ERROR]: Error uploading documents: Cannot read properties of undefined (reading '0')
2024-10-29 15:20:35 [ERROR]: Error uploading documents: Cannot read properties of undefined (reading '0')
2024-11-03 09:52:20 [ERROR]: Error uploading documents: Cannot read properties of undefined (reading '0')
2024-11-03 10:35:53 [ERROR]: Error uploading documents: Cannot read properties of undefined (reading '0')
2024-11-03 10:39:05 [ERROR]: Error uploading documents: Cannot read properties of undefined (reading '0')
2024-11-03 12:42:42 [ERROR]: Error uploading documents: Cannot read properties of undefined (reading '0')
2024-11-03 13:01:45 [ERROR]: Error uploading documents: Cannot read properties of undefined (reading '0')
2024-11-03 13:03:25 [ERROR]: Error uploading documents: Cannot read properties of undefined (reading '0')
2024-11-03 13:06:14 [ERROR]: Error uploading documents: Cannot read properties of undefined (reading '1')
2024-11-03 13:08:18 [ERROR]: Error uploading documents: Document validation failed: fileMimeType: Path `fileMimeType` is required., fileData: Path `fileData` is required.
2024-11-03 13:56:44 [ERROR]: Error extracting content from file: The "path" argument must be of type string or an instance of Buffer or URL. Received undefined
2024-11-03 14:07:31 [ERROR]: Error extracting content from file: fileBuffer is not defined
2024-11-03 14:19:15 [ERROR]: Error retrieving documents: document is not defined
2024-11-03 14:19:15 [ERROR]: Error retrieving documents: document is not defined
