2024-10-29 00:14:41 [ERROR]: unhandledRejection: ENOENT: no such file or directory, open 'C:\Users\danie\OneDrive\Desktop\MONGODB_AI_HACKATHON\backend\test\data\05-versions-space.pdf'
Error: ENOENT: no such file or directory, open 'C:\Users\danie\OneDrive\Desktop\MONGODB_AI_HACKATHON\backend\test\data\05-versions-space.pdf'
    at Object.openSync (node:fs:581:18)
    at Object.readFileSync (node:fs:457:35)
    at Object.<anonymous> (C:\Users\danie\OneDrive\Desktop\MONGODB_AI_HACKATHON\backend\node_modules\pdf-parse\index.js:15:25)
    at Module._compile (node:internal/modules/cjs/loader:1376:14)
    at Module._extensions..js (node:internal/modules/cjs/loader:1435:10)
    at Module.load (node:internal/modules/cjs/loader:1207:32)
    at Module._load (node:internal/modules/cjs/loader:1023:12)
    at cjsLoader (node:internal/modules/esm/translators:356:17)
    at ModuleWrap.<anonymous> (node:internal/modules/esm/translators:305:7)
    at ModuleJob.run (node:internal/modules/esm/module_job:218:25)
2024-10-29 00:16:51 [ERROR]: unhandledRejection: ENOENT: no such file or directory, open 'C:\Users\danie\OneDrive\Desktop\MONGODB_AI_HACKATHON\backend\test\data\05-versions-space.pdf'
Error: ENOENT: no such file or directory, open 'C:\Users\danie\OneDrive\Desktop\MONGODB_AI_HACKATHON\backend\test\data\05-versions-space.pdf'
    at Object.openSync (node:fs:581:18)
    at Object.readFileSync (node:fs:457:35)
    at Object.<anonymous> (C:\Users\danie\OneDrive\Desktop\MONGODB_AI_HACKATHON\backend\node_modules\pdf-parse\index.js:15:25)
    at Module._compile (node:internal/modules/cjs/loader:1376:14)
    at Module._extensions..js (node:internal/modules/cjs/loader:1435:10)
    at Module.load (node:internal/modules/cjs/loader:1207:32)
    at Module._load (node:internal/modules/cjs/loader:1023:12)
    at cjsLoader (node:internal/modules/esm/translators:356:17)
    at ModuleWrap.<anonymous> (node:internal/modules/esm/translators:305:7)
    at ModuleJob.run (node:internal/modules/esm/module_job:218:25)
2024-10-29 00:44:21 [ERROR]: unhandledRejection: ENOENT: no such file or directory, open 'C:\Users\danie\OneDrive\Desktop\MONGODB_AI_HACKATHON\backend\test\data\05-versions-space.pdf'
Error: ENOENT: no such file or directory, open 'C:\Users\danie\OneDrive\Desktop\MONGODB_AI_HACKATHON\backend\test\data\05-versions-space.pdf'
    at Object.openSync (node:fs:581:18)
    at Object.readFileSync (node:fs:457:35)
    at Object.<anonymous> (C:\Users\danie\OneDrive\Desktop\MONGODB_AI_HACKATHON\backend\node_modules\pdf-parse\index.js:15:25)
    at Module._compile (node:internal/modules/cjs/loader:1376:14)
    at Module._extensions..js (node:internal/modules/cjs/loader:1435:10)
    at Module.load (node:internal/modules/cjs/loader:1207:32)
    at Module._load (node:internal/modules/cjs/loader:1023:12)
    at cjsLoader (node:internal/modules/esm/translators:356:17)
    at ModuleWrap.<anonymous> (node:internal/modules/esm/translators:305:7)
    at ModuleJob.run (node:internal/modules/esm/module_job:218:25)
2024-10-29 00:46:59 [ERROR]: unhandledRejection: ENOENT: no such file or directory, open 'C:\Users\danie\OneDrive\Desktop\MONGODB_AI_HACKATHON\backend\test\data\05-versions-space.pdf'
Error: ENOENT: no such file or directory, open 'C:\Users\danie\OneDrive\Desktop\MONGODB_AI_HACKATHON\backend\test\data\05-versions-space.pdf'
    at Object.openSync (node:fs:581:18)
    at Object.readFileSync (node:fs:457:35)
    at Object.<anonymous> (C:\Users\danie\OneDrive\Desktop\MONGODB_AI_HACKATHON\backend\node_modules\pdf-parse\index.js:15:25)
    at Module._compile (node:internal/modules/cjs/loader:1376:14)
    at Module._extensions..js (node:internal/modules/cjs/loader:1435:10)
    at Module.load (node:internal/modules/cjs/loader:1207:32)
    at Module._load (node:internal/modules/cjs/loader:1023:12)
    at cjsLoader (node:internal/modules/esm/translators:356:17)
    at ModuleWrap.<anonymous> (node:internal/modules/esm/translators:305:7)
    at ModuleJob.run (node:internal/modules/esm/module_job:218:25)
2024-10-29 00:48:26 [ERROR]: unhandledRejection: ENOENT: no such file or directory, open 'C:\Users\danie\OneDrive\Desktop\MONGODB_AI_HACKATHON\backend\test\data\05-versions-space.pdf'
Error: ENOENT: no such file or directory, open 'C:\Users\danie\OneDrive\Desktop\MONGODB_AI_HACKATHON\backend\test\data\05-versions-space.pdf'
    at Object.openSync (node:fs:581:18)
    at Object.readFileSync (node:fs:457:35)
    at Object.<anonymous> (C:\Users\danie\OneDrive\Desktop\MONGODB_AI_HACKATHON\backend\node_modules\pdf-parse\index.js:15:25)
    at Module._compile (node:internal/modules/cjs/loader:1376:14)
    at Module._extensions..js (node:internal/modules/cjs/loader:1435:10)
    at Module.load (node:internal/modules/cjs/loader:1207:32)
    at Module._load (node:internal/modules/cjs/loader:1023:12)
    at cjsLoader (node:internal/modules/esm/translators:356:17)
    at ModuleWrap.<anonymous> (node:internal/modules/esm/translators:305:7)
    at ModuleJob.run (node:internal/modules/esm/module_job:218:25)
